-------------------------------------------------------------------------------
Test set: com.workintech.s18d1.ApplicationPropertiesAndControllerTest
-------------------------------------------------------------------------------
Tests run: 11, Failures: 4, Errors: 0, Skipped: 0, Time elapsed: 5.538 s <<< FAILURE! -- in com.workintech.s18d1.ApplicationPropertiesAndControllerTest
com.workintech.s18d1.ApplicationPropertiesAndControllerTest.testFindByBreadType -- Time elapsed: 0.246 s <<< FAILURE!
java.lang.AssertionError: Status expected:<200> but was:<500>
	at org.springframework.test.util.AssertionErrors.fail(AssertionErrors.java:59)
	at org.springframework.test.util.AssertionErrors.assertEquals(AssertionErrors.java:122)
	at org.springframework.test.web.servlet.result.StatusResultMatchers.lambda$matcher$9(StatusResultMatchers.java:637)
	at org.springframework.test.web.servlet.MockMvc$1.andExpect(MockMvc.java:214)
	at com.workintech.s18d1.ApplicationPropertiesAndControllerTest.testFindByBreadType(ApplicationPropertiesAndControllerTest.java:185)
	at java.base/java.lang.reflect.Method.invoke(Method.java:568)
	at java.base/java.util.ArrayList.forEach(ArrayList.java:1511)
	at java.base/java.util.ArrayList.forEach(ArrayList.java:1511)

com.workintech.s18d1.ApplicationPropertiesAndControllerTest.testFindByContent -- Time elapsed: 0.014 s <<< FAILURE!
java.lang.AssertionError: Status expected:<200> but was:<500>
	at org.springframework.test.util.AssertionErrors.fail(AssertionErrors.java:59)
	at org.springframework.test.util.AssertionErrors.assertEquals(AssertionErrors.java:122)
	at org.springframework.test.web.servlet.result.StatusResultMatchers.lambda$matcher$9(StatusResultMatchers.java:637)
	at org.springframework.test.web.servlet.MockMvc$1.andExpect(MockMvc.java:214)
	at com.workintech.s18d1.ApplicationPropertiesAndControllerTest.testFindByContent(ApplicationPropertiesAndControllerTest.java:209)
	at java.base/java.lang.reflect.Method.invoke(Method.java:568)
	at java.base/java.util.ArrayList.forEach(ArrayList.java:1511)
	at java.base/java.util.ArrayList.forEach(ArrayList.java:1511)

com.workintech.s18d1.ApplicationPropertiesAndControllerTest.serverPortIsSetTo8585 -- Time elapsed: 0.089 s <<< FAILURE!
org.opentest4j.AssertionFailedError: expected: not <null>
	at org.junit.jupiter.api.AssertionFailureBuilder.build(AssertionFailureBuilder.java:152)
	at org.junit.jupiter.api.AssertionFailureBuilder.buildAndThrow(AssertionFailureBuilder.java:132)
	at org.junit.jupiter.api.AssertNotNull.failNull(AssertNotNull.java:49)
	at org.junit.jupiter.api.AssertNotNull.assertNotNull(AssertNotNull.java:35)
	at org.junit.jupiter.api.AssertNotNull.assertNotNull(AssertNotNull.java:30)
	at org.junit.jupiter.api.Assertions.assertNotNull(Assertions.java:304)
	at com.workintech.s18d1.ApplicationPropertiesAndControllerTest.serverPortIsSetTo8585(ApplicationPropertiesAndControllerTest.java:92)
	at java.base/java.lang.reflect.Method.invoke(Method.java:568)
	at java.base/java.util.ArrayList.forEach(ArrayList.java:1511)
	at java.base/java.util.ArrayList.forEach(ArrayList.java:1511)

com.workintech.s18d1.ApplicationPropertiesAndControllerTest.testFindByPrice -- Time elapsed: 0.008 s <<< FAILURE!
java.lang.AssertionError: Status expected:<200> but was:<500>
	at org.springframework.test.util.AssertionErrors.fail(AssertionErrors.java:59)
	at org.springframework.test.util.AssertionErrors.assertEquals(AssertionErrors.java:122)
	at org.springframework.test.web.servlet.result.StatusResultMatchers.lambda$matcher$9(StatusResultMatchers.java:637)
	at org.springframework.test.web.servlet.MockMvc$1.andExpect(MockMvc.java:214)
	at com.workintech.s18d1.ApplicationPropertiesAndControllerTest.testFindByPrice(ApplicationPropertiesAndControllerTest.java:197)
	at java.base/java.lang.reflect.Method.invoke(Method.java:568)
	at java.base/java.util.ArrayList.forEach(ArrayList.java:1511)
	at java.base/java.util.ArrayList.forEach(ArrayList.java:1511)

