<?xml version="1.0" encoding="UTF-8"?>
<testsuite xmlns:xsi="http://www.w3.org/2001/XMLSchema-instance" xsi:noNamespaceSchemaLocation="https://maven.apache.org/surefire/maven-surefire-plugin/xsd/surefire-test-report-3.0.xsd" version="3.0" name="com.workintech.s18d1.ApplicationPropertiesAndControllerTest" time="5.538" tests="11" errors="0" skipped="0" failures="4">
  <properties>
[...]
</properties>
  <testcase name="testFindByBreadType" classname="com.workintech.s18d1.ApplicationPropertiesAndControllerTest" time="0.246">
    <failure message="Status expected:&lt;200&gt; but was:&lt;500&gt;" type="java.lang.AssertionError"><![CDATA[java.lang.AssertionError: Status expected:<200> but was:<500>
	at org.springframework.test.util.AssertionErrors.fail(AssertionErrors.java:59)
	at org.springframework.test.util.AssertionErrors.assertEquals(AssertionErrors.java:122)
	at org.springframework.test.web.servlet.result.StatusResultMatchers.lambda$matcher$9(StatusResultMatchers.java:637)
	at org.springframework.test.web.servlet.MockMvc$1.andExpect(MockMvc.java:214)
	at com.workintech.s18d1.ApplicationPropertiesAndControllerTest.testFindByBreadType(ApplicationPropertiesAndControllerTest.java:185)
	at java.base/java.lang.reflect.Method.invoke(Method.java:568)
	at java.base/java.util.ArrayList.forEach(ArrayList.java:1511)
	at java.base/java.util.ArrayList.forEach(ArrayList.java:1511)
]]></failure>
    <system-out><![CDATA[Standard Commons Logging discovery in action with spring-jcl: please remove commons-logging.jar from classpath in order to avoid potential conflicts
00:49:11.234 [main] INFO org.springframework.test.context.support.AnnotationConfigContextLoaderUtils -- Could not detect default configuration classes for test class [com.workintech.s18d1.ApplicationPropertiesAndControllerTest]: ApplicationPropertiesAndControllerTest does not declare any static, non-private, non-final, nested classes annotated with @Configuration.
00:49:11.431 [main] INFO org.springframework.boot.test.context.SpringBootTestContextBootstrapper -- Found @SpringBootConfiguration com.workintech.s18d1.S18d1Application for test class com.workintech.s18d1.ApplicationPropertiesAndControllerTest
00:49:11.568 [main] INFO org.springframework.boot.devtools.restart.RestartApplicationListener -- Restart disabled due to context in which it is running

  .   ____          _            __ _ _
 /\\ / ___'_ __ _ _(_)_ __  __ _ \ \ \ \
( ( )\___ | '_ | '_| | '_ \/ _` | \ \ \ \
 \\/  ___)| |_)| | | | | || (_| |  ) ) ) )
  '  |____| .__|_| |_|_| |_\__, | / / / /
 =========|_|==============|___/=/_/_/_/
 :: Spring Boot ::                (v3.2.0)

2025-06-16T00:49:12.032+03:00  INFO 63892 --- [           main] s.ApplicationPropertiesAndControllerTest : Starting ApplicationPropertiesAndControllerTest using Java 17.0.12 with PID 63892 (started by pelinozsezer in /Users/pelinozsezer/Downloads/FSWEB-S18D4-Maven-master)
2025-06-16T00:49:12.034+03:00  INFO 63892 --- [           main] s.ApplicationPropertiesAndControllerTest : No active profile set, falling back to 1 default profile: "default"
2025-06-16T00:49:14.407+03:00  INFO 63892 --- [           main] o.s.b.t.m.w.SpringBootMockServletContext : Initializing Spring TestDispatcherServlet ''
2025-06-16T00:49:14.407+03:00  INFO 63892 --- [           main] o.s.t.web.servlet.TestDispatcherServlet  : Initializing Servlet ''
2025-06-16T00:49:14.415+03:00  INFO 63892 --- [           main] o.s.t.web.servlet.TestDispatcherServlet  : Completed initialization in 4 ms
2025-06-16T00:49:14.453+03:00  INFO 63892 --- [           main] s.ApplicationPropertiesAndControllerTest : Started ApplicationPropertiesAndControllerTest in 2.903 seconds (process running for 4.311)

MockHttpServletRequest:
      HTTP Method = GET
      Request URI = /burger/breadType/BURGER
       Parameters = {}
          Headers = []
             Body = null
    Session Attrs = {}

Handler:
             Type = org.springframework.web.servlet.resource.ResourceHttpRequestHandler

Async:
    Async started = false
     Async result = null

Resolved Exception:
             Type = org.springframework.web.servlet.resource.NoResourceFoundException

ModelAndView:
        View name = null
             View = null
            Model = null

FlashMap:
       Attributes = null

MockHttpServletResponse:
           Status = 500
    Error message = null
          Headers = [Vary:"Origin", "Access-Control-Request-Method", "Access-Control-Request-Headers", Content-Type:"application/json"]
     Content type = application/json
             Body = {"message":"No static resource burger/breadType/BURGER."}
    Forwarded URL = null
   Redirected URL = null
          Cookies = []
]]></system-out>
  </testcase>
  <testcase name="testFindAllBurgers" classname="com.workintech.s18d1.ApplicationPropertiesAndControllerTest" time="0.102"/>
  <testcase name="testGetBurgerById" classname="com.workintech.s18d1.ApplicationPropertiesAndControllerTest" time="0.03"/>
  <testcase name="testGenericException" classname="com.workintech.s18d1.ApplicationPropertiesAndControllerTest" time="0.015"/>
  <testcase name="testUpdateBurger" classname="com.workintech.s18d1.ApplicationPropertiesAndControllerTest" time="0.054"/>
  <testcase name="testRemoveBurger" classname="com.workintech.s18d1.ApplicationPropertiesAndControllerTest" time="0.01"/>
  <testcase name="testFindByContent" classname="com.workintech.s18d1.ApplicationPropertiesAndControllerTest" time="0.014">
    <failure message="Status expected:&lt;200&gt; but was:&lt;500&gt;" type="java.lang.AssertionError"><![CDATA[java.lang.AssertionError: Status expected:<200> but was:<500>
	at org.springframework.test.util.AssertionErrors.fail(AssertionErrors.java:59)
	at org.springframework.test.util.AssertionErrors.assertEquals(AssertionErrors.java:122)
	at org.springframework.test.web.servlet.result.StatusResultMatchers.lambda$matcher$9(StatusResultMatchers.java:637)
	at org.springframework.test.web.servlet.MockMvc$1.andExpect(MockMvc.java:214)
	at com.workintech.s18d1.ApplicationPropertiesAndControllerTest.testFindByContent(ApplicationPropertiesAndControllerTest.java:209)
	at java.base/java.lang.reflect.Method.invoke(Method.java:568)
	at java.base/java.util.ArrayList.forEach(ArrayList.java:1511)
	at java.base/java.util.ArrayList.forEach(ArrayList.java:1511)
]]></failure>
    <system-out><![CDATA[
MockHttpServletRequest:
      HTTP Method = GET
      Request URI = /burger/content/Cheese
       Parameters = {}
          Headers = []
             Body = null
    Session Attrs = {}

Handler:
             Type = org.springframework.web.servlet.resource.ResourceHttpRequestHandler

Async:
    Async started = false
     Async result = null

Resolved Exception:
             Type = org.springframework.web.servlet.resource.NoResourceFoundException

ModelAndView:
        View name = null
             View = null
            Model = null

FlashMap:
       Attributes = null

MockHttpServletResponse:
           Status = 500
    Error message = null
          Headers = [Vary:"Origin", "Access-Control-Request-Method", "Access-Control-Request-Headers", Content-Type:"application/json"]
     Content type = application/json
             Body = {"message":"No static resource burger/content/Cheese."}
    Forwarded URL = null
   Redirected URL = null
          Cookies = []
]]></system-out>
  </testcase>
  <testcase name="testSaveBurger" classname="com.workintech.s18d1.ApplicationPropertiesAndControllerTest" time="0.009"/>
  <testcase name="serverPortIsSetTo8585" classname="com.workintech.s18d1.ApplicationPropertiesAndControllerTest" time="0.089">
    <failure message="expected: not &lt;null&gt;" type="org.opentest4j.AssertionFailedError"><![CDATA[org.opentest4j.AssertionFailedError: expected: not <null>
	at org.junit.jupiter.api.AssertionFailureBuilder.build(AssertionFailureBuilder.java:152)
	at org.junit.jupiter.api.AssertionFailureBuilder.buildAndThrow(AssertionFailureBuilder.java:132)
	at org.junit.jupiter.api.AssertNotNull.failNull(AssertNotNull.java:49)
	at org.junit.jupiter.api.AssertNotNull.assertNotNull(AssertNotNull.java:35)
	at org.junit.jupiter.api.AssertNotNull.assertNotNull(AssertNotNull.java:30)
	at org.junit.jupiter.api.Assertions.assertNotNull(Assertions.java:304)
	at com.workintech.s18d1.ApplicationPropertiesAndControllerTest.serverPortIsSetTo8585(ApplicationPropertiesAndControllerTest.java:92)
	at java.base/java.lang.reflect.Method.invoke(Method.java:568)
	at java.base/java.util.ArrayList.forEach(ArrayList.java:1511)
	at java.base/java.util.ArrayList.forEach(ArrayList.java:1511)
]]></failure>
  </testcase>
  <testcase name="testFindByPrice" classname="com.workintech.s18d1.ApplicationPropertiesAndControllerTest" time="0.008">
    <failure message="Status expected:&lt;200&gt; but was:&lt;500&gt;" type="java.lang.AssertionError"><![CDATA[java.lang.AssertionError: Status expected:<200> but was:<500>
	at org.springframework.test.util.AssertionErrors.fail(AssertionErrors.java:59)
	at org.springframework.test.util.AssertionErrors.assertEquals(AssertionErrors.java:122)
	at org.springframework.test.web.servlet.result.StatusResultMatchers.lambda$matcher$9(StatusResultMatchers.java:637)
	at org.springframework.test.web.servlet.MockMvc$1.andExpect(MockMvc.java:214)
	at com.workintech.s18d1.ApplicationPropertiesAndControllerTest.testFindByPrice(ApplicationPropertiesAndControllerTest.java:197)
	at java.base/java.lang.reflect.Method.invoke(Method.java:568)
	at java.base/java.util.ArrayList.forEach(ArrayList.java:1511)
	at java.base/java.util.ArrayList.forEach(ArrayList.java:1511)
]]></failure>
    <system-out><![CDATA[
MockHttpServletRequest:
      HTTP Method = GET
      Request URI = /burger/price/7
       Parameters = {}
          Headers = []
             Body = null
    Session Attrs = {}

Handler:
             Type = org.springframework.web.servlet.resource.ResourceHttpRequestHandler

Async:
    Async started = false
     Async result = null

Resolved Exception:
             Type = org.springframework.web.servlet.resource.NoResourceFoundException

ModelAndView:
        View name = null
             View = null
            Model = null

FlashMap:
       Attributes = null

MockHttpServletResponse:
           Status = 500
    Error message = null
          Headers = [Vary:"Origin", "Access-Control-Request-Method", "Access-Control-Request-Headers", Content-Type:"application/json"]
     Content type = application/json
             Body = {"message":"No static resource burger/price/7."}
    Forwarded URL = null
   Redirected URL = null
          Cookies = []
]]></system-out>
  </testcase>
  <testcase name="testBurgerNotFoundException" classname="com.workintech.s18d1.ApplicationPropertiesAndControllerTest" time="0.009"/>
</testsuite>